<?xml version="1.0" encoding="UTF-8"?>
<testng-results skipped="0" failed="1" ignored="0" total="2" passed="1">
  <reporter-output>
  </reporter-output>
  <suite name="Suite" duration-ms="17711" started-at="2021-12-21T11:57:02 IST" finished-at="2021-12-21T11:57:20 IST">
    <groups>
    </groups>
    <test name="Test" duration-ms="17711" started-at="2021-12-21T11:57:02 IST" finished-at="2021-12-21T11:57:20 IST">
      <class name="com.qa.tests.BholaPhonesTest">
        <test-method status="PASS" signature="setup([Ljava.lang.Object;)[pri:0, instance:com.qa.tests.BholaPhonesTest@184f6be2]" name="setup" is-config="true" duration-ms="9078" started-at="2021-12-21T11:57:02 IST" finished-at="2021-12-21T11:57:11 IST">
          <params>
            <param index="0">
              <value>
                <![CDATA[[Ljava.lang.Object;@544a2ea6]]>
              </value>
            </param>
          </params>
          <reporter-output>
          </reporter-output>
        </test-method> <!-- setup -->
        <test-method status="PASS" signature="setup([Ljava.lang.Object;)[pri:0, instance:com.qa.tests.BholaPhonesTest@184f6be2]" name="setup" is-config="true" duration-ms="9775" started-at="2021-12-21T11:57:02 IST" finished-at="2021-12-21T11:57:12 IST">
          <params>
            <param index="0">
              <value>
                <![CDATA[[Ljava.lang.Object;@2e3fc542]]>
              </value>
            </param>
          </params>
          <reporter-output>
          </reporter-output>
        </test-method> <!-- setup -->
        <test-method status="FAIL" signature="signInNegative(java.lang.String)[pri:0, instance:com.qa.tests.BholaPhonesTest@184f6be2]" name="signInNegative" duration-ms="4550" started-at="2021-12-21T11:57:11 IST" description="Vaidate user is able to successfully sign in with the given credentials - Failure scenario" finished-at="2021-12-21T11:57:16 IST">
          <params>
            <param index="0">
              <value>
                <![CDATA[edge]]>
              </value>
            </param>
          </params>
          <exception class="java.lang.AssertionError">
            <message>
              <![CDATA[expected [true] but found [false]]]>
            </message>
            <full-stacktrace>
              <![CDATA[java.lang.AssertionError: expected [true] but found [false]
at org.testng.Assert.fail(Assert.java:99)
at org.testng.Assert.failNotEquals(Assert.java:1037)
at org.testng.Assert.assertTrue(Assert.java:45)
at org.testng.Assert.assertTrue(Assert.java:55)
at com.qa.tests.BholaPhonesTest.signInNegative(BholaPhonesTest.java:40)
at sun.reflect.NativeMethodAccessorImpl.invoke0(Native Method)
at sun.reflect.NativeMethodAccessorImpl.invoke(Unknown Source)
at sun.reflect.DelegatingMethodAccessorImpl.invoke(Unknown Source)
at java.lang.reflect.Method.invoke(Unknown Source)
at org.testng.internal.MethodInvocationHelper.invokeMethod(MethodInvocationHelper.java:132)
at org.testng.internal.TestInvoker.invokeMethod(TestInvoker.java:599)
at org.testng.internal.TestInvoker.invokeTestMethod(TestInvoker.java:174)
at org.testng.internal.MethodRunner.runInSequence(MethodRunner.java:46)
at org.testng.internal.TestInvoker$MethodInvocationAgent.invoke(TestInvoker.java:822)
at org.testng.internal.TestInvoker.invokeTestMethods(TestInvoker.java:147)
at org.testng.internal.TestMethodWorker.invokeTestMethods(TestMethodWorker.java:146)
at org.testng.internal.TestMethodWorker.run(TestMethodWorker.java:128)
at java.util.concurrent.ThreadPoolExecutor.runWorker(Unknown Source)
at java.util.concurrent.ThreadPoolExecutor$Worker.run(Unknown Source)
at java.lang.Thread.run(Unknown Source)
]]>
            </full-stacktrace>
          </exception> <!-- java.lang.AssertionError -->
          <reporter-output>
          </reporter-output>
        </test-method> <!-- signInNegative -->
        <test-method status="PASS" signature="signInPositive(java.lang.String)[pri:0, instance:com.qa.tests.BholaPhonesTest@184f6be2]" name="signInPositive" duration-ms="3067" started-at="2021-12-21T11:57:12 IST" description="Vaidate user is able to successfully sign in with the given credentials" finished-at="2021-12-21T11:57:15 IST">
          <params>
            <param index="0">
              <value>
                <![CDATA[chrome]]>
              </value>
            </param>
          </params>
          <reporter-output>
          </reporter-output>
        </test-method> <!-- signInPositive -->
        <test-method status="PASS" signature="teardown()[pri:0, instance:com.qa.tests.BholaPhonesTest@184f6be2]" name="teardown" is-config="true" duration-ms="4358" started-at="2021-12-21T11:57:15 IST" finished-at="2021-12-21T11:57:20 IST">
          <reporter-output>
          </reporter-output>
        </test-method> <!-- teardown -->
        <test-method status="PASS" signature="teardown()[pri:0, instance:com.qa.tests.BholaPhonesTest@184f6be2]" name="teardown" is-config="true" duration-ms="3972" started-at="2021-12-21T11:57:16 IST" finished-at="2021-12-21T11:57:20 IST">
          <reporter-output>
          </reporter-output>
        </test-method> <!-- teardown -->
      </class> <!-- com.qa.tests.BholaPhonesTest -->
    </test> <!-- Test -->
  </suite> <!-- Suite -->
</testng-results>
